<?xml version="1.0" encoding="UTF-8"?>
<testng-results skipped="0" failed="1" ignored="0" total="3" passed="2">
  <reporter-output>
  </reporter-output>
  <suite name="AutomationPractice for Hello Fresh" duration-ms="75105" started-at="2019-12-20T15:55:55Z" finished-at="2019-12-20T15:57:10Z">
    <groups>
    </groups>
    <test name="Sign Up Test" duration-ms="20746" started-at="2019-12-20T15:55:55Z" finished-at="2019-12-20T15:56:15Z">
      <class name="com.testcases.SignUpTest">
        <test-method status="PASS" signature="setupApplication()[pri:0, instance:com.testcases.SignUpTest@3108bc]" name="setupApplication" is-config="true" duration-ms="10066" started-at="2019-12-20T15:55:55Z" finished-at="2019-12-20T15:56:05Z">
          <reporter-output>
          </reporter-output>
        </test-method> <!-- setupApplication -->
        <test-method status="PASS" signature="beforeMethod(java.lang.reflect.Method, org.testng.ITestContext)[pri:0, instance:com.testcases.SignUpTest@3108bc]" name="beforeMethod" is-config="true" duration-ms="1" started-at="2019-12-20T15:56:05Z" finished-at="2019-12-20T15:56:05Z">
          <params>
            <param index="0">
              <value>
                <![CDATA[public void com.testcases.SignUpTest.SignUpaNewUser(org.testng.ITestContext) throws java.lang.Exception]]>
              </value>
            </param>
            <param index="1">
              <value>
                <![CDATA[org.testng.TestRunner@4e916306]]>
              </value>
            </param>
          </params>
          <reporter-output>
          </reporter-output>
        </test-method> <!-- beforeMethod -->
        <test-method status="PASS" signature="SignUpaNewUser(org.testng.ITestContext)[pri:101, instance:com.testcases.SignUpTest@3108bc]" name="SignUpaNewUser" duration-ms="9824" started-at="2019-12-20T15:56:05Z" description="To sign up a New User in the system" finished-at="2019-12-20T15:56:15Z">
          <params>
            <param index="0">
              <value>
                <![CDATA[org.testng.TestRunner@4e916306]]>
              </value>
            </param>
          </params>
          <reporter-output>
          </reporter-output>
        </test-method> <!-- SignUpaNewUser -->
        <test-method status="PASS" signature="takeScreenShotOnFailure(org.testng.ITestResult)[pri:0, instance:com.testcases.SignUpTest@3108bc]" name="takeScreenShotOnFailure" is-config="true" duration-ms="0" started-at="2019-12-20T15:56:15Z" finished-at="2019-12-20T15:56:15Z">
          <params>
            <param index="0">
              <value>
                <![CDATA[[TestResult name=SignUpaNewUser status=SUCCESS method=SignUpTest.SignUpaNewUser(org.testng.ITestContext)[pri:101, instance:com.testcases.SignUpTest@3108bc] output={null}]]]>
              </value>
            </param>
          </params>
          <reporter-output>
          </reporter-output>
        </test-method> <!-- takeScreenShotOnFailure -->
        <test-method status="PASS" signature="closeApplication()[pri:0, instance:com.testcases.SignUpTest@3108bc]" name="closeApplication" is-config="true" duration-ms="807" started-at="2019-12-20T15:56:15Z" finished-at="2019-12-20T15:56:15Z">
          <reporter-output>
          </reporter-output>
        </test-method> <!-- closeApplication -->
      </class> <!-- com.testcases.SignUpTest -->
    </test> <!-- Sign Up Test -->
    <test name="Login Test" duration-ms="15374" started-at="2019-12-20T15:56:16Z" finished-at="2019-12-20T15:56:31Z">
      <class name="com.testcases.LoginTest">
        <test-method status="PASS" signature="setupApplication()[pri:0, instance:com.testcases.LoginTest@3dd4520b]" name="setupApplication" is-config="true" duration-ms="9625" started-at="2019-12-20T15:56:16Z" finished-at="2019-12-20T15:56:25Z">
          <reporter-output>
          </reporter-output>
        </test-method> <!-- setupApplication -->
        <test-method status="PASS" signature="beforeMethod(java.lang.reflect.Method, org.testng.ITestContext)[pri:0, instance:com.testcases.LoginTest@3dd4520b]" name="beforeMethod" is-config="true" duration-ms="1" started-at="2019-12-20T15:56:25Z" finished-at="2019-12-20T15:56:25Z">
          <params>
            <param index="0">
              <value>
                <![CDATA[public void com.testcases.LoginTest.LoginExistingUser(org.testng.ITestContext) throws java.lang.Exception]]>
              </value>
            </param>
            <param index="1">
              <value>
                <![CDATA[org.testng.TestRunner@256b5754]]>
              </value>
            </param>
          </params>
          <reporter-output>
          </reporter-output>
        </test-method> <!-- beforeMethod -->
        <test-method status="PASS" signature="LoginExistingUser(org.testng.ITestContext)[pri:101, instance:com.testcases.LoginTest@3dd4520b]" name="LoginExistingUser" duration-ms="4945" started-at="2019-12-20T15:56:25Z" description="To Login a existing User in the system" finished-at="2019-12-20T15:56:30Z">
          <params>
            <param index="0">
              <value>
                <![CDATA[org.testng.TestRunner@256b5754]]>
              </value>
            </param>
          </params>
          <reporter-output>
          </reporter-output>
        </test-method> <!-- LoginExistingUser -->
        <test-method status="PASS" signature="takeScreenShotOnFailure(org.testng.ITestResult)[pri:0, instance:com.testcases.LoginTest@3dd4520b]" name="takeScreenShotOnFailure" is-config="true" duration-ms="1" started-at="2019-12-20T15:56:30Z" finished-at="2019-12-20T15:56:30Z">
          <params>
            <param index="0">
              <value>
                <![CDATA[[TestResult name=LoginExistingUser status=SUCCESS method=LoginTest.LoginExistingUser(org.testng.ITestContext)[pri:101, instance:com.testcases.LoginTest@3dd4520b] output={null}]]]>
              </value>
            </param>
          </params>
          <reporter-output>
          </reporter-output>
        </test-method> <!-- takeScreenShotOnFailure -->
        <test-method status="PASS" signature="closeApplication()[pri:0, instance:com.testcases.LoginTest@3dd4520b]" name="closeApplication" is-config="true" duration-ms="794" started-at="2019-12-20T15:56:30Z" finished-at="2019-12-20T15:56:31Z">
          <reporter-output>
          </reporter-output>
        </test-method> <!-- closeApplication -->
      </class> <!-- com.testcases.LoginTest -->
    </test> <!-- Login Test -->
    <test name="Order Test" duration-ms="38892" started-at="2019-12-20T15:56:31Z" finished-at="2019-12-20T15:57:10Z">
      <class name="com.testcases.WomenCheckoutOrderTest">
        <test-method status="PASS" signature="setupApplication()[pri:0, instance:com.testcases.WomenCheckoutOrderTest@2758fe70]" name="setupApplication" is-config="true" duration-ms="9091" started-at="2019-12-20T15:56:31Z" finished-at="2019-12-20T15:56:40Z">
          <reporter-output>
          </reporter-output>
        </test-method> <!-- setupApplication -->
        <test-method status="PASS" signature="beforeMethod(java.lang.reflect.Method, org.testng.ITestContext)[pri:0, instance:com.testcases.WomenCheckoutOrderTest@2758fe70]" name="beforeMethod" is-config="true" duration-ms="4337" started-at="2019-12-20T15:56:40Z" finished-at="2019-12-20T15:56:44Z">
          <params>
            <param index="0">
              <value>
                <![CDATA[public void com.testcases.WomenCheckoutOrderTest.orderAProduct(org.testng.ITestContext) throws java.lang.Exception]]>
              </value>
            </param>
            <param index="1">
              <value>
                <![CDATA[org.testng.TestRunner@2c71db96]]>
              </value>
            </param>
          </params>
          <reporter-output>
          </reporter-output>
        </test-method> <!-- beforeMethod -->
        <test-method status="FAIL" signature="orderAProduct(org.testng.ITestContext)[pri:101, instance:com.testcases.WomenCheckoutOrderTest@2758fe70]" name="orderAProduct" duration-ms="23881" started-at="2019-12-20T15:56:44Z" description="To order a women dress" finished-at="2019-12-20T15:57:08Z">
          <params>
            <param index="0">
              <value>
                <![CDATA[org.testng.TestRunner@2c71db96]]>
              </value>
            </param>
          </params>
          <exception class="org.openqa.selenium.TimeoutException">
            <message>
              <![CDATA[Expected condition failed: waiting for visibility of Proxy element for: DefaultElementLocator 'By.id: group_1' (tried for 20 second(s) with 500 milliseconds interval)]]>
            </message>
            <full-stacktrace>
              <![CDATA[org.openqa.selenium.TimeoutException: Expected condition failed: waiting for visibility of Proxy element for: DefaultElementLocator 'By.id: group_1' (tried for 20 second(s) with 500 milliseconds interval)
at org.openqa.selenium.support.ui.WebDriverWait.timeoutException(WebDriverWait.java:95)
at org.openqa.selenium.support.ui.FluentWait.until(FluentWait.java:272)
at com.factory.pages.WomenStorePage.selectSize(WomenStorePage.java:132)
at com.testcases.WomenCheckoutOrderTest.orderAProduct(WomenCheckoutOrderTest.java:76)
at sun.reflect.NativeMethodAccessorImpl.invoke0(Native Method)
at sun.reflect.NativeMethodAccessorImpl.invoke(Unknown Source)
at sun.reflect.DelegatingMethodAccessorImpl.invoke(Unknown Source)
at java.lang.reflect.Method.invoke(Unknown Source)
at org.testng.internal.MethodInvocationHelper.invokeMethod(MethodInvocationHelper.java:124)
at org.testng.internal.Invoker.invokeMethod(Invoker.java:583)
at org.testng.internal.Invoker.invokeTestMethod(Invoker.java:719)
at org.testng.internal.Invoker.invokeTestMethods(Invoker.java:989)
at org.testng.internal.TestMethodWorker.invokeTestMethods(TestMethodWorker.java:125)
at org.testng.internal.TestMethodWorker.run(TestMethodWorker.java:109)
at java.util.concurrent.ThreadPoolExecutor.runWorker(Unknown Source)
at java.util.concurrent.ThreadPoolExecutor$Worker.run(Unknown Source)
at java.lang.Thread.run(Unknown Source)
Caused by: org.openqa.selenium.NoSuchElementException: no such element: Unable to locate element: {"method":"css selector","selector":"#group_1"}
  (Session info: chrome=79.0.3945.88)
For documentation on this error, please visit: https://www.seleniumhq.org/exceptions/no_such_element.html
Build info: version: '3.141.59', revision: 'e82be7d358', time: '2018-11-14T08:17:03'
System info: host: 'IN-HK28TT2', ip: '192.168.56.1', os.name: 'Windows 10', os.arch: 'amd64', os.version: '10.0', java.version: '1.8.0_211'
Driver info: org.openqa.selenium.chrome.ChromeDriver
Capabilities {acceptInsecureCerts: false, browserName: chrome, browserVersion: 79.0.3945.88, chrome: {chromedriverVersion: 79.0.3945.36 (3582db32b3389..., userDataDir: C:\Users\RAHUL~1.RAM\AppDat...}, goog:chromeOptions: {debuggerAddress: localhost:62302}, javascriptEnabled: true, networkConnectionEnabled: false, pageLoadStrategy: normal, platform: WINDOWS, platformName: WINDOWS, proxy: Proxy(), setWindowRect: true, strictFileInteractability: false, timeouts: {implicit: 0, pageLoad: 300000, script: 30000}, unhandledPromptBehavior: dismiss and notify}
Session ID: a195712ee489bb07cf84d0c8ac508f00
*** Element info: {Using=id, value=group_1}
at sun.reflect.GeneratedConstructorAccessor17.newInstance(Unknown Source)
at sun.reflect.DelegatingConstructorAccessorImpl.newInstance(Unknown Source)
at java.lang.reflect.Constructor.newInstance(Unknown Source)
at org.openqa.selenium.remote.http.W3CHttpResponseCodec.createException(W3CHttpResponseCodec.java:187)
at org.openqa.selenium.remote.http.W3CHttpResponseCodec.decode(W3CHttpResponseCodec.java:122)
at org.openqa.selenium.remote.http.W3CHttpResponseCodec.decode(W3CHttpResponseCodec.java:49)
at org.openqa.selenium.remote.HttpCommandExecutor.execute(HttpCommandExecutor.java:158)
at org.openqa.selenium.remote.service.DriverCommandExecutor.execute(DriverCommandExecutor.java:83)
at org.openqa.selenium.remote.RemoteWebDriver.execute(RemoteWebDriver.java:552)
at org.openqa.selenium.remote.RemoteWebDriver.findElement(RemoteWebDriver.java:323)
at org.openqa.selenium.remote.RemoteWebDriver.findElementById(RemoteWebDriver.java:372)
at org.openqa.selenium.By$ById.findElement(By.java:188)
at org.openqa.selenium.remote.RemoteWebDriver.findElement(RemoteWebDriver.java:315)
at org.openqa.selenium.support.pagefactory.DefaultElementLocator.findElement(DefaultElementLocator.java:69)
at org.openqa.selenium.support.pagefactory.internal.LocatingElementHandler.invoke(LocatingElementHandler.java:38)
at com.sun.proxy.$Proxy11.isDisplayed(Unknown Source)
at org.openqa.selenium.support.ui.ExpectedConditions.elementIfVisible(ExpectedConditions.java:314)
at org.openqa.selenium.support.ui.ExpectedConditions.access$000(ExpectedConditions.java:43)
at org.openqa.selenium.support.ui.ExpectedConditions$10.apply(ExpectedConditions.java:300)
at org.openqa.selenium.support.ui.ExpectedConditions$10.apply(ExpectedConditions.java:297)
at org.openqa.selenium.support.ui.FluentWait.until(FluentWait.java:249)
... 15 more
]]>
            </full-stacktrace>
          </exception> <!-- org.openqa.selenium.TimeoutException -->
          <reporter-output>
          </reporter-output>
        </test-method> <!-- orderAProduct -->
        <test-method status="PASS" signature="takeScreenShotOnFailure(org.testng.ITestResult)[pri:0, instance:com.testcases.WomenCheckoutOrderTest@2758fe70]" name="takeScreenShotOnFailure" is-config="true" duration-ms="700" started-at="2019-12-20T15:57:08Z" finished-at="2019-12-20T15:57:09Z">
          <params>
            <param index="0">
              <value>
                <![CDATA[[TestResult name=orderAProduct status=FAILURE method=WomenCheckoutOrderTest.orderAProduct(org.testng.ITestContext)[pri:101, instance:com.testcases.WomenCheckoutOrderTest@2758fe70] output={null}]]]>
              </value>
            </param>
          </params>
          <reporter-output>
          </reporter-output>
        </test-method> <!-- takeScreenShotOnFailure -->
        <test-method status="PASS" signature="closeApplication()[pri:0, instance:com.testcases.WomenCheckoutOrderTest@2758fe70]" name="closeApplication" is-config="true" duration-ms="866" started-at="2019-12-20T15:57:09Z" finished-at="2019-12-20T15:57:10Z">
          <reporter-output>
          </reporter-output>
        </test-method> <!-- closeApplication -->
      </class> <!-- com.testcases.WomenCheckoutOrderTest -->
    </test> <!-- Order Test -->
  </suite> <!-- AutomationPractice for Hello Fresh -->
</testng-results>
