<?xml version="1.0" encoding="UTF-8"?>
<testng-results ignored="0" total="1" passed="1" failed="0" skipped="0">
  <reporter-output>
  </reporter-output>
  <suite started-at="2019-12-20T21:39:28Z" name="Default suite" finished-at="2019-12-20T21:40:11Z" duration-ms="42781">
    <groups>
    </groups>
    <test started-at="2019-12-20T21:39:28Z" name="Default test" finished-at="2019-12-20T21:40:11Z" duration-ms="42781">
      <class name="com.testcases.WomenCheckoutOrderTest">
        <test-method is-config="true" signature="setupApplication()[pri:0, instance:com.testcases.WomenCheckoutOrderTest@5223e5ee]" started-at="2019-12-20T21:39:28Z" name="setupApplication" finished-at="2019-12-20T21:39:37Z" duration-ms="9218" status="PASS">
          <reporter-output>
          </reporter-output>
        </test-method> <!-- setupApplication -->
        <test-method is-config="true" signature="beforeMethod(java.lang.reflect.Method, org.testng.ITestContext)[pri:0, instance:com.testcases.WomenCheckoutOrderTest@5223e5ee]" started-at="2019-12-20T21:39:37Z" name="beforeMethod" finished-at="2019-12-20T21:39:44Z" duration-ms="6576" status="PASS">
          <params>
            <param index="0">
              <value>
                <![CDATA[public void com.testcases.WomenCheckoutOrderTest.orderAProduct(org.testng.ITestContext) throws java.lang.Exception]]>
              </value>
            </param>
            <param index="1">
              <value>
                <![CDATA[org.testng.TestRunner@6cbcf243]]>
              </value>
            </param>
          </params>
          <reporter-output>
          </reporter-output>
        </test-method> <!-- beforeMethod -->
        <test-method signature="orderAProduct(org.testng.ITestContext)[pri:101, instance:com.testcases.WomenCheckoutOrderTest@5223e5ee]" started-at="2019-12-20T21:39:44Z" name="orderAProduct" description="To order a women dress" finished-at="2019-12-20T21:40:10Z" duration-ms="26175" status="PASS">
          <params>
            <param index="0">
              <value>
                <![CDATA[org.testng.TestRunner@6cbcf243]]>
              </value>
            </param>
          </params>
          <reporter-output>
          </reporter-output>
        </test-method> <!-- orderAProduct -->
        <test-method is-config="true" signature="takeScreenShotOnFailure(org.testng.ITestResult)[pri:0, instance:com.testcases.WomenCheckoutOrderTest@5223e5ee]" started-at="2019-12-20T21:40:10Z" name="takeScreenShotOnFailure" finished-at="2019-12-20T21:40:10Z" duration-ms="1" status="PASS">
          <params>
            <param index="0">
              <value>
                <![CDATA[[TestResult name=orderAProduct status=SUCCESS method=WomenCheckoutOrderTest.orderAProduct(org.testng.ITestContext)[pri:101, instance:com.testcases.WomenCheckoutOrderTest@5223e5ee] output={null}]]]>
              </value>
            </param>
          </params>
          <reporter-output>
          </reporter-output>
        </test-method> <!-- takeScreenShotOnFailure -->
        <test-method is-config="true" signature="closeApplication()[pri:0, instance:com.testcases.WomenCheckoutOrderTest@5223e5ee]" started-at="2019-12-20T21:40:10Z" name="closeApplication" finished-at="2019-12-20T21:40:11Z" duration-ms="793" status="PASS">
          <reporter-output>
          </reporter-output>
        </test-method> <!-- closeApplication -->
      </class> <!-- com.testcases.WomenCheckoutOrderTest -->
    </test> <!-- Default test -->
  </suite> <!-- Default suite -->
</testng-results>
